[2025-03-18 16:06:54,895] [INFO] [real_accelerator.py:222:get_accelerator] Setting ds_accelerator to cuda (auto detect)
[2025-03-18 16:06:56,913] [WARNING] [runner.py:215:fetch_hostfile] Unable to find hostfile, will proceed with training with local resources only.
[2025-03-18 16:06:56,913] [INFO] [runner.py:607:main] cmd = /home/victor/anaconda3/envs/deepspeed/bin/python -u -m deepspeed.launcher.launch --world_info=eyJsb2NhbGhvc3QiOiBbMF19 --master_addr=127.0.0.1 --master_port=29500 --enable_each_rank_log=None run_model.py --model facebook/opt-6.7b --batch-size 3 --cpu-offload --prompt-len 512 --gen-len 32 --cpu-offload
[2025-03-18 16:06:58,161] [INFO] [real_accelerator.py:222:get_accelerator] Setting ds_accelerator to cuda (auto detect)
[2025-03-18 16:06:59,925] [INFO] [launch.py:146:main] WORLD INFO DICT: {'localhost': [0]}
[2025-03-18 16:06:59,925] [INFO] [launch.py:152:main] nnodes=1, num_local_procs=1, node_rank=0
[2025-03-18 16:06:59,925] [INFO] [launch.py:163:main] global_rank_mapping=defaultdict(<class 'list'>, {'localhost': [0]})
[2025-03-18 16:06:59,925] [INFO] [launch.py:164:main] dist_world_size=1
[2025-03-18 16:06:59,925] [INFO] [launch.py:168:main] Setting CUDA_VISIBLE_DEVICES=0
[2025-03-18 16:06:59,926] [INFO] [launch.py:256:main] process 22338 spawned with command: ['/home/victor/anaconda3/envs/deepspeed/bin/python', '-u', 'run_model.py', '--local_rank=0', '--model', 'facebook/opt-6.7b', '--batch-size', '3', '--cpu-offload', '--prompt-len', '512', '--gen-len', '32', '--cpu-offload']
[2025-03-18 16:07:01,100] [INFO] [real_accelerator.py:222:get_accelerator] Setting ds_accelerator to cuda (auto detect)
[2025-03-18 16:07:02,983] [INFO] [comm.py:658:init_distributed] cdb=None
[2025-03-18 16:07:02,983] [INFO] [comm.py:689:init_distributed] Initializing TorchBackend in DeepSpeed with backend nccl
load model
[2025-03-18 16:07:04,578] [INFO] [config.py:734:__init__] Config mesh_device None world_size = 1
[2025-03-18 16:07:13,151] [INFO] [partition_parameters.py:348:__exit__] finished initializing model - num_params = 517, num_elems = 6.86B

Loading checkpoint shards:   0%|          | 0/2 [00:00<?, ?it/s]
Loading checkpoint shards:  50%|█████     | 1/2 [00:42<00:42, 42.75s/it]
Loading checkpoint shards: 100%|██████████| 2/2 [00:55<00:00, 25.07s/it]
Loading checkpoint shards: 100%|██████████| 2/2 [00:55<00:00, 27.72s/it]
[2025-03-18 16:08:09,285] [INFO] [logging.py:128:log_dist] [Rank 0] DeepSpeed info: version=0.16.4, git-hash=unknown, git-branch=unknown
[2025-03-18 16:08:09,286] [INFO] [config.py:734:__init__] Config mesh_device None world_size = 1
[2025-03-18 16:08:09,305] [INFO] [logging.py:128:log_dist] [Rank 0] DeepSpeed Flops Profiler Enabled: False
[2025-03-18 16:08:09,306] [INFO] [logging.py:128:log_dist] [Rank 0] Creating ZeRO Offload
[2025-03-18 16:08:09,434] [INFO] [utils.py:781:see_memory_usage] DeepSpeedZeRoOffload initialize [begin]
[2025-03-18 16:08:09,435] [INFO] [utils.py:782:see_memory_usage] MA 0.0 GB         Max_MA 0.77 GB         CA 0.77 GB         Max_CA 1 GB 
[2025-03-18 16:08:09,435] [INFO] [utils.py:789:see_memory_usage] CPU Virtual Memory:  used = 9.79 GB, percent = 65.2%
Parameter Offload: Total persistent parameters: 1187840 in 290 params
[2025-03-18 16:08:09,591] [INFO] [utils.py:781:see_memory_usage] DeepSpeedZeRoOffload initialize [end]
[2025-03-18 16:08:09,592] [INFO] [utils.py:782:see_memory_usage] MA 0.0 GB         Max_MA 0.0 GB         CA 0.77 GB         Max_CA 1 GB 
[2025-03-18 16:08:09,593] [INFO] [utils.py:789:see_memory_usage] CPU Virtual Memory:  used = 9.8 GB, percent = 65.2%
[2025-03-18 16:08:09,593] [INFO] [config.py:1001:print] DeepSpeedEngine configuration:
[2025-03-18 16:08:09,593] [INFO] [config.py:1005:print]   activation_checkpointing_config  {
    "partition_activations": false, 
    "contiguous_memory_optimization": false, 
    "cpu_checkpointing": false, 
    "number_checkpoints": null, 
    "synchronize_checkpoint_boundary": false, 
    "profile": false
}
[2025-03-18 16:08:09,594] [INFO] [config.py:1005:print]   aio_config ................... {'block_size': 1048576, 'queue_depth': 8, 'intra_op_parallelism': 1, 'single_submit': False, 'overlap_events': True, 'use_gds': False}
[2025-03-18 16:08:09,594] [INFO] [config.py:1005:print]   amp_enabled .................. False
[2025-03-18 16:08:09,594] [INFO] [config.py:1005:print]   amp_params ................... False
[2025-03-18 16:08:09,594] [INFO] [config.py:1005:print]   autotuning_config ............ {
    "enabled": false, 
    "start_step": null, 
    "end_step": null, 
    "metric_path": null, 
    "arg_mappings": null, 
    "metric": "throughput", 
    "model_info": null, 
    "results_dir": "autotuning_results", 
    "exps_dir": "autotuning_exps", 
    "overwrite": true, 
    "fast": true, 
    "start_profile_step": 3, 
    "end_profile_step": 5, 
    "tuner_type": "gridsearch", 
    "tuner_early_stopping": 5, 
    "tuner_num_trials": 50, 
    "model_info_path": null, 
    "mp_size": 1, 
    "max_train_batch_size": null, 
    "min_train_batch_size": 1, 
    "max_train_micro_batch_size_per_gpu": 1.024000e+03, 
    "min_train_micro_batch_size_per_gpu": 1, 
    "num_tuning_micro_batch_sizes": 3
}
[2025-03-18 16:08:09,594] [INFO] [config.py:1005:print]   bfloat16_enabled ............. False
[2025-03-18 16:08:09,594] [INFO] [config.py:1005:print]   bfloat16_immediate_grad_update  False
[2025-03-18 16:08:09,594] [INFO] [config.py:1005:print]   checkpoint_parallel_write_pipeline  False
[2025-03-18 16:08:09,594] [INFO] [config.py:1005:print]   checkpoint_tag_validation_enabled  True
[2025-03-18 16:08:09,594] [INFO] [config.py:1005:print]   checkpoint_tag_validation_fail  False
[2025-03-18 16:08:09,594] [INFO] [config.py:1005:print]   comms_config ................. <deepspeed.comm.config.DeepSpeedCommsConfig object at 0x7ddd7c4aa990>
[2025-03-18 16:08:09,595] [INFO] [config.py:1005:print]   communication_data_type ...... None
[2025-03-18 16:08:09,595] [INFO] [config.py:1005:print]   compression_config ........... {'weight_quantization': {'shared_parameters': {'enabled': False, 'quantizer_kernel': False, 'schedule_offset': 0, 'quantize_groups': 1, 'quantize_verbose': False, 'quantization_type': 'symmetric', 'quantize_weight_in_forward': False, 'rounding': 'nearest', 'fp16_mixed_quantize': False, 'quantize_change_ratio': 0.001}, 'different_groups': {}}, 'activation_quantization': {'shared_parameters': {'enabled': False, 'quantization_type': 'symmetric', 'range_calibration': 'dynamic', 'schedule_offset': 1000}, 'different_groups': {}}, 'sparse_pruning': {'shared_parameters': {'enabled': False, 'method': 'l1', 'schedule_offset': 1000}, 'different_groups': {}}, 'row_pruning': {'shared_parameters': {'enabled': False, 'method': 'l1', 'schedule_offset': 1000}, 'different_groups': {}}, 'head_pruning': {'shared_parameters': {'enabled': False, 'method': 'topk', 'schedule_offset': 1000}, 'different_groups': {}}, 'channel_pruning': {'shared_parameters': {'enabled': False, 'method': 'l1', 'schedule_offset': 1000}, 'different_groups': {}}, 'layer_reduction': {'enabled': False}}
[2025-03-18 16:08:09,595] [INFO] [config.py:1005:print]   curriculum_enabled_legacy .... False
[2025-03-18 16:08:09,595] [INFO] [config.py:1005:print]   curriculum_params_legacy ..... False
[2025-03-18 16:08:09,595] [INFO] [config.py:1005:print]   data_efficiency_config ....... {'enabled': False, 'seed': 1234, 'data_sampling': {'enabled': False, 'num_epochs': 1000, 'num_workers': 0, 'curriculum_learning': {'enabled': False}}, 'data_routing': {'enabled': False, 'random_ltd': {'enabled': False, 'layer_token_lr_schedule': {'enabled': False}}}}
[2025-03-18 16:08:09,595] [INFO] [config.py:1005:print]   data_efficiency_enabled ...... False
[2025-03-18 16:08:09,595] [INFO] [config.py:1005:print]   dataloader_drop_last ......... False
[2025-03-18 16:08:09,595] [INFO] [config.py:1005:print]   disable_allgather ............ False
[2025-03-18 16:08:09,595] [INFO] [config.py:1005:print]   dump_state ................... False
[2025-03-18 16:08:09,595] [INFO] [config.py:1005:print]   dynamic_loss_scale_args ...... None
[2025-03-18 16:08:09,595] [INFO] [config.py:1005:print]   eigenvalue_enabled ........... False
[2025-03-18 16:08:09,595] [INFO] [config.py:1005:print]   eigenvalue_gas_boundary_resolution  1
[2025-03-18 16:08:09,595] [INFO] [config.py:1005:print]   eigenvalue_layer_name ........ bert.encoder.layer
[2025-03-18 16:08:09,595] [INFO] [config.py:1005:print]   eigenvalue_layer_num ......... 0
[2025-03-18 16:08:09,595] [INFO] [config.py:1005:print]   eigenvalue_max_iter .......... 100
[2025-03-18 16:08:09,595] [INFO] [config.py:1005:print]   eigenvalue_stability ......... 1e-06
[2025-03-18 16:08:09,595] [INFO] [config.py:1005:print]   eigenvalue_tol ............... 0.01
[2025-03-18 16:08:09,595] [INFO] [config.py:1005:print]   eigenvalue_verbose ........... False
[2025-03-18 16:08:09,595] [INFO] [config.py:1005:print]   elasticity_enabled ........... False
[2025-03-18 16:08:09,595] [INFO] [config.py:1005:print]   flops_profiler_config ........ {
    "enabled": false, 
    "recompute_fwd_factor": 0.0, 
    "profile_step": 1, 
    "module_depth": -1, 
    "top_modules": 1, 
    "detailed": true, 
    "output_file": null
}
[2025-03-18 16:08:09,595] [INFO] [config.py:1005:print]   fp16_auto_cast ............... False
[2025-03-18 16:08:09,595] [INFO] [config.py:1005:print]   fp16_enabled ................. True
[2025-03-18 16:08:09,595] [INFO] [config.py:1005:print]   fp16_master_weights_and_gradients  False
[2025-03-18 16:08:09,595] [INFO] [config.py:1005:print]   global_rank .................. 0
[2025-03-18 16:08:09,595] [INFO] [config.py:1005:print]   grad_accum_dtype ............. None
[2025-03-18 16:08:09,595] [INFO] [config.py:1005:print]   gradient_accumulation_steps .. 1
[2025-03-18 16:08:09,595] [INFO] [config.py:1005:print]   gradient_clipping ............ 0.0
[2025-03-18 16:08:09,595] [INFO] [config.py:1005:print]   gradient_predivide_factor .... 1.0
[2025-03-18 16:08:09,595] [INFO] [config.py:1005:print]   graph_harvesting ............. False
[2025-03-18 16:08:09,595] [INFO] [config.py:1005:print]   hybrid_engine ................ enabled=False max_out_tokens=512 inference_tp_size=1 release_inference_cache=False pin_parameters=True tp_gather_partition_size=8
[2025-03-18 16:08:09,596] [INFO] [config.py:1005:print]   initial_dynamic_scale ........ 65536
[2025-03-18 16:08:09,596] [INFO] [config.py:1005:print]   load_universal_checkpoint .... False
[2025-03-18 16:08:09,596] [INFO] [config.py:1005:print]   loss_scale ................... 0
[2025-03-18 16:08:09,596] [INFO] [config.py:1005:print]   memory_breakdown ............. False
[2025-03-18 16:08:09,596] [INFO] [config.py:1005:print]   mics_hierarchial_params_gather  False
[2025-03-18 16:08:09,596] [INFO] [config.py:1005:print]   mics_shard_size .............. -1
[2025-03-18 16:08:09,596] [INFO] [config.py:1005:print]   monitor_config ............... tensorboard=TensorBoardConfig(enabled=False, output_path='', job_name='DeepSpeedJobName') comet=CometConfig(enabled=False, samples_log_interval=100, project=None, workspace=None, api_key=None, experiment_name=None, experiment_key=None, online=None, mode=None) wandb=WandbConfig(enabled=False, group=None, team=None, project='deepspeed') csv_monitor=CSVConfig(enabled=False, output_path='', job_name='DeepSpeedJobName')
[2025-03-18 16:08:09,596] [INFO] [config.py:1005:print]   nebula_config ................ {
    "enabled": false, 
    "persistent_storage_path": null, 
    "persistent_time_interval": 100, 
    "num_of_version_in_retention": 2, 
    "enable_nebula_load": true, 
    "load_path": null
}
[2025-03-18 16:08:09,596] [INFO] [config.py:1005:print]   optimizer_legacy_fusion ...... False
[2025-03-18 16:08:09,596] [INFO] [config.py:1005:print]   optimizer_name ............... None
[2025-03-18 16:08:09,596] [INFO] [config.py:1005:print]   optimizer_params ............. None
[2025-03-18 16:08:09,596] [INFO] [config.py:1005:print]   pipeline ..................... {'stages': 'auto', 'partition': 'best', 'seed_layers': False, 'activation_checkpoint_interval': 0, 'pipe_partitioned': True, 'grad_partitioned': True}
[2025-03-18 16:08:09,596] [INFO] [config.py:1005:print]   pld_enabled .................. False
[2025-03-18 16:08:09,596] [INFO] [config.py:1005:print]   pld_params ................... False
[2025-03-18 16:08:09,596] [INFO] [config.py:1005:print]   prescale_gradients ........... False
[2025-03-18 16:08:09,596] [INFO] [config.py:1005:print]   scheduler_name ............... None
[2025-03-18 16:08:09,596] [INFO] [config.py:1005:print]   scheduler_params ............. None
[2025-03-18 16:08:09,596] [INFO] [config.py:1005:print]   seq_parallel_communication_data_type  torch.float32
[2025-03-18 16:08:09,596] [INFO] [config.py:1005:print]   sparse_attention ............. None
[2025-03-18 16:08:09,596] [INFO] [config.py:1005:print]   sparse_gradients_enabled ..... False
[2025-03-18 16:08:09,596] [INFO] [config.py:1005:print]   steps_per_print .............. 2000
[2025-03-18 16:08:09,596] [INFO] [config.py:1005:print]   tensor_parallel_config ....... dtype=torch.float16 autotp_size=0 tensor_parallel=TPConfig(tp_size=1, tp_grain_size=1, mpu=None, tp_group=None) injection_policy_tuple=None keep_module_on_host=False replace_with_kernel_inject=False
[2025-03-18 16:08:09,597] [INFO] [config.py:1005:print]   timers_config ................ enabled=True synchronized=True
[2025-03-18 16:08:09,597] [INFO] [config.py:1005:print]   train_batch_size ............. 3
[2025-03-18 16:08:09,597] [INFO] [config.py:1005:print]   train_micro_batch_size_per_gpu  3
[2025-03-18 16:08:09,597] [INFO] [config.py:1005:print]   use_data_before_expert_parallel_  False
[2025-03-18 16:08:09,597] [INFO] [config.py:1005:print]   use_node_local_storage ....... False
[2025-03-18 16:08:09,597] [INFO] [config.py:1005:print]   wall_clock_breakdown ......... False
[2025-03-18 16:08:09,597] [INFO] [config.py:1005:print]   weight_quantization_config ... None
[2025-03-18 16:08:09,597] [INFO] [config.py:1005:print]   world_size ................... 1
[2025-03-18 16:08:09,597] [INFO] [config.py:1005:print]   zero_allow_untested_optimizer  False
[2025-03-18 16:08:09,597] [INFO] [config.py:1005:print]   zero_config .................. stage=3 contiguous_gradients=True reduce_scatter=True reduce_bucket_size=500000000 use_multi_rank_bucket_allreduce=True allgather_partitions=True allgather_bucket_size=500000000 overlap_comm=True load_from_fp32_weights=True elastic_checkpoint=False offload_param=DeepSpeedZeroOffloadParamConfig(device='cpu', nvme_path=None, buffer_count=5, buffer_size=100000000, max_in_cpu=1000000000, pin_memory=False) offload_optimizer=None sub_group_size=1000000000 cpu_offload_param=None cpu_offload_use_pin_memory=None cpu_offload=None prefetch_bucket_size=33554432 param_persistence_threshold=4096 model_persistence_threshold=9223372036854775807 max_live_parameters=33554432 max_reuse_distance=1000000000 gather_16bit_weights_on_model_save=False module_granularity_threshold=0 use_all_reduce_for_fetch_params=False stage3_gather_fp16_weights_on_model_save=False ignore_unused_parameters=True legacy_stage1=False round_robin_gradients=False zero_hpz_partition_size=1 zero_quantized_weights=False zero_quantized_nontrainable_weights=False zero_quantized_gradients=False zeropp_loco_param=None mics_shard_size=-1 mics_hierarchical_params_gather=False memory_efficient_linear=True pipeline_loading_checkpoint=False override_module_apply=True log_trace_cache_warnings=False
[2025-03-18 16:08:09,597] [INFO] [config.py:1005:print]   zero_enabled ................. True
[2025-03-18 16:08:09,597] [INFO] [config.py:1005:print]   zero_force_ds_cpu_optimizer .. True
[2025-03-18 16:08:09,597] [INFO] [config.py:1005:print]   zero_optimization_stage ...... 3
[2025-03-18 16:08:09,597] [INFO] [config.py:991:print_user_config]   json = {
    "fp16": {
        "enabled": true
    }, 
    "bf16": {
        "enabled": false
    }, 
    "zero_optimization": {
        "stage": 3, 
        "stage3_prefetch_bucket_size": 3.355443e+07, 
        "stage3_param_persistence_threshold": 4.096000e+03, 
        "stage3_max_live_parameters": 3.355443e+07, 
        "offload_param": {
            "device": "cpu", 
            "pin_memory": false
        }
    }, 
    "steps_per_print": 2.000000e+03, 
    "train_batch_size": 3, 
    "wall_clock_breakdown": false
}
model.config = OPTConfig {
  "_attn_implementation_autoset": true,
  "_name_or_path": "facebook/opt-6.7b",
  "_remove_final_layer_norm": false,
  "activation_dropout": 0.0,
  "activation_function": "relu",
  "architectures": [
    "OPTForCausalLM"
  ],
  "attention_dropout": 0.0,
  "bos_token_id": 2,
  "do_layer_norm_before": true,
  "dropout": 0.1,
  "enable_bias": true,
  "eos_token_id": 2,
  "ffn_dim": 16384,
  "hidden_size": 4096,
  "init_std": 0.02,
  "layer_norm_elementwise_affine": true,
  "layerdrop": 0.0,
  "max_position_embeddings": 2048,
  "model_type": "opt",
  "num_attention_heads": 32,
  "num_hidden_layers": 32,
  "pad_token_id": 1,
  "prefix": "</s>",
  "torch_dtype": "float16",
  "transformers_version": "4.49.0",
  "use_cache": true,
  "vocab_size": 50272,
  "word_embed_proj_dim": 4096
}

benchmark, prompt_len = 512, execute_gen_len = 32, input_ids.shape = torch.Size([3, 512])
Summary:
costs = [114.06441039099991, 70.36201814399988, 82.43072119300018], prefill_timings = [33.24407958984375, 2.2007765769958496, 2.1848533153533936]
Outputs:
----------------------------------------------------------------------
0: Paris is the capital city of France and the most visited city in the world. It is the most visited city in the world, with over 30 million visitors each year. Paris is the capital
----------------------------------------------------------------------
1: Paris is the capital city of France and the most visited city in the world. It is the most visited city in the world, with over 30 million visitors each year. Paris is the capital
----------------------------------------------------------------------
2: Paris is the capital city of France and the most visited city in the world. It is the most visited city in the world, with over 30 million visitors each year. Paris is the capital
----------------------------------------------------------------------

model size: 12.386 GB	cache size: 0.797 GB	hidden size (p): 0.012 GB
peak gpu mem: 1.299 GB	prefill latency: 2.185 s	prefill throughput: 703.022 token/s
decode latency: 80.246 s	decode throughput: 1.159 token/s
total latency: 82.431 s	total throughput: 1.165 token/s
[rank0]:[W318 16:12:39.332820863 ProcessGroupNCCL.cpp:1496] Warning: WARNING: destroy_process_group() was not called before program exit, which can leak resources. For more info, please see https://pytorch.org/docs/stable/distributed.html#shutdown (function operator())
[2025-03-18 16:12:43,983] [INFO] [launch.py:351:main] Process 22338 exits successfully.

