[2025-03-01 18:18:52,745] [INFO] [real_accelerator.py:222:get_accelerator] Setting ds_accelerator to cuda (auto detect)
[2025-03-01 18:18:57,624] [WARNING] [runner.py:215:fetch_hostfile] Unable to find hostfile, will proceed with training with local resources only.
[2025-03-01 18:18:57,625] [INFO] [runner.py:607:main] cmd = /home/victor/anaconda3/envs/deepspeed/bin/python -u -m deepspeed.launcher.launch --world_info=eyJsb2NhbGhvc3QiOiBbMF19 --master_addr=127.0.0.1 --master_port=29500 --enable_each_rank_log=None main.py
[2025-03-01 18:18:59,196] [INFO] [real_accelerator.py:222:get_accelerator] Setting ds_accelerator to cuda (auto detect)
[2025-03-01 18:19:00,735] [INFO] [launch.py:146:main] WORLD INFO DICT: {'localhost': [0]}
[2025-03-01 18:19:00,735] [INFO] [launch.py:152:main] nnodes=1, num_local_procs=1, node_rank=0
[2025-03-01 18:19:00,736] [INFO] [launch.py:163:main] global_rank_mapping=defaultdict(<class 'list'>, {'localhost': [0]})
[2025-03-01 18:19:00,736] [INFO] [launch.py:164:main] dist_world_size=1
[2025-03-01 18:19:00,736] [INFO] [launch.py:168:main] Setting CUDA_VISIBLE_DEVICES=0
[2025-03-01 18:19:00,736] [INFO] [launch.py:256:main] process 9311 spawned with command: ['/home/victor/anaconda3/envs/deepspeed/bin/python', '-u', 'main.py', '--local_rank=0']
[2025-03-01 18:19:01,758] [INFO] [real_accelerator.py:222:get_accelerator] Setting ds_accelerator to cuda (auto detect)
[2025-03-01 18:19:05,228] [INFO] [logging.py:128:log_dist] [Rank -1] DeepSpeed info: version=0.16.4, git-hash=unknown, git-branch=unknown
[2025-03-01 18:19:05,229] [INFO] [logging.py:128:log_dist] [Rank -1] quantize_bits = 8 mlp_extra_grouping = False, quantize_groups = 1
[2025-03-01 18:19:05,265] [INFO] [logging.py:128:log_dist] [Rank -1] DeepSpeed-Inference config: {'layer_id': 0, 'hidden_size': 768, 'intermediate_size': 3072, 'heads': 12, 'num_hidden_layers': -1, 'dtype': torch.float32, 'pre_layer_norm': True, 'norm_type': <NormType.LayerNorm: 1>, 'local_rank': -1, 'stochastic_mode': False, 'epsilon': 1e-05, 'mp_size': 1, 'scale_attention': True, 'triangular_masking': True, 'local_attention': False, 'window_size': 1, 'rotary_dim': -1, 'rotate_half': False, 'rotate_every_two': True, 'return_tuple': True, 'mlp_after_attn': True, 'mlp_act_func_type': <ActivationFuncType.GELU: 1>, 'training_mp_size': 1, 'bigscience_bloom': False, 'max_out_tokens': 1024, 'min_out_tokens': 1, 'scale_attn_by_inverse_layer_idx': False, 'enable_qkv_quantization': False, 'use_mup': False, 'return_single_tuple': False, 'set_empty_params': False, 'transposed_mode': False, 'use_triton': False, 'triton_autotune': False, 'num_kv': -1, 'rope_theta': 10000, 'invert_mask': True}
ninja: no work to do.
Time to load transformer_inference op: 0.031850337982177734 seconds
------------------------------------------------------
Free memory : 2.722229 (GigaBytes)  
Total memory: 3.709900 (GigaBytes)  
Requested memory: 0.146484 (GigaBytes) 
Setting maximum total tokens (input + output) to 1024 
WorkSpace: 0x79fbea000000 
------------------------------------------------------
[{'generated_text': "DeepSpeed is already a pretty solid character, and having another character that has much more skill (like Blyth to help out a mechanic like Jump is nice, and we have not seen anyone with a level 25) just isn't going to allow"}]
[2025-03-01 18:19:08,738] [INFO] [launch.py:351:main] Process 9311 exits successfully.
